╭────────────────────────────────────────────────────────────────────────╮
│ AMPT Multiprocesser                                                    │
│ Version 3.0                                                            │
│ Made by Lieuwe Huisman                                                 │
├────────────────────────────────────────────────────────────────────────┤
│ Bin Directory    : /home/lieuwe/Documents/Software/AMPT/bin            │
│ Input Directory  : /home/lieuwe/Documents/Software/AMPT/input          │
│ Output Directory : /home/lieuwe/Documents/Software/AMPT/data           │
│ Used Bins        : 001 to 012                                          │
│ Used CPU Count   : 012                                                 │
│ Number of Events : 12                                                  │
│ Starting Time    : ma 26 feb 2024 12:09:01 CET                         │
├────────────────────────────────────────────────────────────────────────┤
│ Job 01 started at  : ma 26 feb 2024 12:09:01 CET                       │
│ Job 02 started at  : ma 26 feb 2024 12:09:01 CET                       │
│ Job 03 started at  : ma 26 feb 2024 12:09:01 CET                       │
│ Job 04 started at  : ma 26 feb 2024 12:09:01 CET                       │
│ Job 05 started at  : ma 26 feb 2024 12:09:01 CET                       │
│ Job 06 started at  : ma 26 feb 2024 12:09:01 CET                       │
│ Job 07 started at  : ma 26 feb 2024 12:09:01 CET                       │
│ Job 08 started at  : ma 26 feb 2024 12:09:01 CET                       │
│ Job 09 started at  : ma 26 feb 2024 12:09:01 CET                       │
│ Job 10 started at  : ma 26 feb 2024 12:09:01 CET                       │
│ Job 11 started at  : ma 26 feb 2024 12:09:01 CET                       │
│ Job 12 started at  : ma 26 feb 2024 12:09:01 CET                       │
│ Job 10 finished at : ma 26 feb 2024 12:09:35 CET                       │
│ Job 10 finished in : 0000:00:33.922                                    │
│ Job 04 finished at : ma 26 feb 2024 12:09:35 CET                       │
│ Job 04 finished in : 0000:00:33.958                                    │
│ Job 01 finished at : ma 26 feb 2024 12:09:35 CET                       │
│ Job 01 finished in : 0000:00:33.981                                    │
│ Job 12 finished at : ma 26 feb 2024 12:09:35 CET                       │
│ Job 12 finished in : 0000:00:33.966                                    │
│ Job 07 finished at : ma 26 feb 2024 12:09:35 CET                       │
│ Job 07 finished in : 0000:00:34.013                                    │
│ Job 05 finished at : ma 26 feb 2024 12:09:35 CET                       │
│ Job 05 finished in : 0000:00:34.037                                    │
│ Job 02 finished at : ma 26 feb 2024 12:09:35 CET                       │
│ Job 02 finished in : 0000:00:34.090                                    │
│ Job 06 finished at : ma 26 feb 2024 12:09:36 CET                       │
│ Job 06 finished in : 0000:00:34.080                                    │
│ Job 08 finished at : ma 26 feb 2024 12:09:36 CET                       │
│ Job 08 finished in : 0000:00:34.141                                    │
│ Job 11 finished at : ma 26 feb 2024 12:09:36 CET                       │
│ Job 11 finished in : 0000:00:34.265                                    │
│ Job 09 finished at : ma 26 feb 2024 12:09:36 CET                       │
│ Job 09 finished in : 0000:00:34.341                                    │
│ Job 03 finished at : ma 26 feb 2024 12:09:36 CET                       │
│ Job 03 finished in : 0000:00:34.559                                    │
├────────────────────────────────────────────────────────────────────────┤
│ Ending Time      : ma 26 feb 2024 12:09:36 CET                         │
│ Elapsed Time     : 0000:00:34.654                                      │
│ Time per event   : 0000:00:02.887                                      │
╰────────────────────────────────────────────────────────────────────────╯
