/home/lieuwe/Documents/Software/AMPT/utils/amptsinglejob.sh: line 32: (ma 26 feb 2024 12:07:25 CET-ma 26 feb 2024 12:07:25 CET)/1000000: missing `)' (error token is "26 feb 2024 12:07:25 CET-ma 26 feb 2024 12:07:25 CET)/1000000")
/home/lieuwe/Documents/Software/AMPT/utils/timer.sh: line 5: /3600000 : syntax error: operand expected (error token is "/3600000 ")
/home/lieuwe/Documents/Software/AMPT/utils/amptsinglejob.sh: line 32: (ma 26 feb 2024 12:07:25 CET-ma 26 feb 2024 12:07:25 CET)/1000000: missing `)' (error token is "26 feb 2024 12:07:25 CET-ma 26 feb 2024 12:07:25 CET)/1000000")
/home/lieuwe/Documents/Software/AMPT/utils/amptsinglejob.sh: line 32: (ma 26 feb 2024 12:07:25 CET-ma 26 feb 2024 12:07:25 CET)/1000000: missing `)' (error token is "26 feb 2024 12:07:25 CET-ma 26 feb 2024 12:07:25 CET)/1000000")
/home/lieuwe/Documents/Software/AMPT/utils/timer.sh: line 5: /3600000 : syntax error: operand expected (error token is "/3600000 ")
/home/lieuwe/Documents/Software/AMPT/utils/amptsinglejob.sh: line 32: (ma 26 feb 2024 12:07:25 CET-ma 26 feb 2024 12:07:25 CET)/1000000: missing `)' (error token is "26 feb 2024 12:07:25 CET-ma 26 feb 2024 12:07:25 CET)/1000000")
/home/lieuwe/Documents/Software/AMPT/utils/timer.sh: line 5: /3600000 : syntax error: operand expected (error token is "/3600000 ")
/home/lieuwe/Documents/Software/AMPT/utils/timer.sh: line 5: /3600000 : syntax error: operand expected (error token is "/3600000 ")
/home/lieuwe/Documents/Software/AMPT/utils/amptsinglejob.sh: line 32: (ma 26 feb 2024 12:07:25 CET-ma 26 feb 2024 12:07:25 CET)/1000000: missing `)' (error token is "26 feb 2024 12:07:25 CET-ma 26 feb 2024 12:07:25 CET)/1000000")
/home/lieuwe/Documents/Software/AMPT/utils/timer.sh: line 5: /3600000 : syntax error: operand expected (error token is "/3600000 ")
/home/lieuwe/Documents/Software/AMPT/utils/amptsinglejob.sh: line 32: (ma 26 feb 2024 12:07:25 CET-ma 26 feb 2024 12:07:25 CET)/1000000: missing `)' (error token is "26 feb 2024 12:07:25 CET-ma 26 feb 2024 12:07:25 CET)/1000000")
/home/lieuwe/Documents/Software/AMPT/utils/timer.sh: line 5: /3600000 : syntax error: operand expected (error token is "/3600000 ")
/home/lieuwe/Documents/Software/AMPT/utils/amptsinglejob.sh: line 32: (ma 26 feb 2024 12:07:25 CET-ma 26 feb 2024 12:07:25 CET)/1000000: missing `)' (error token is "26 feb 2024 12:07:25 CET-ma 26 feb 2024 12:07:25 CET)/1000000")
/home/lieuwe/Documents/Software/AMPT/utils/timer.sh: line 5: /3600000 : syntax error: operand expected (error token is "/3600000 ")
/home/lieuwe/Documents/Software/AMPT/utils/amptsinglejob.sh: line 32: (ma 26 feb 2024 12:07:25 CET-ma 26 feb 2024 12:07:25 CET)/1000000: missing `)' (error token is "26 feb 2024 12:07:25 CET-ma 26 feb 2024 12:07:25 CET)/1000000")
/home/lieuwe/Documents/Software/AMPT/utils/timer.sh: line 5: /3600000 : syntax error: operand expected (error token is "/3600000 ")
/home/lieuwe/Documents/Software/AMPT/utils/amptsinglejob.sh: line 32: (ma 26 feb 2024 12:07:54 CET-ma 26 feb 2024 12:07:25 CET)/1000000: missing `)' (error token is "26 feb 2024 12:07:54 CET-ma 26 feb 2024 12:07:25 CET)/1000000")
/home/lieuwe/Documents/Software/AMPT/utils/timer.sh: line 5: /3600000 : syntax error: operand expected (error token is "/3600000 ")
/home/lieuwe/Documents/Software/AMPT/utils/amptsinglejob.sh: line 32: (ma 26 feb 2024 12:07:54 CET-ma 26 feb 2024 12:07:25 CET)/1000000: missing `)' (error token is "26 feb 2024 12:07:54 CET-ma 26 feb 2024 12:07:25 CET)/1000000")
/home/lieuwe/Documents/Software/AMPT/utils/timer.sh: line 5: /3600000 : syntax error: operand expected (error token is "/3600000 ")
/home/lieuwe/Documents/Software/AMPT/utils/amptsinglejob.sh: line 32: (ma 26 feb 2024 12:07:54 CET-ma 26 feb 2024 12:07:25 CET)/1000000: missing `)' (error token is "26 feb 2024 12:07:54 CET-ma 26 feb 2024 12:07:25 CET)/1000000")
/home/lieuwe/Documents/Software/AMPT/utils/timer.sh: line 5: /3600000 : syntax error: operand expected (error token is "/3600000 ")
/home/lieuwe/Documents/Software/AMPT/utils/amptsinglejob.sh: line 32: (ma 26 feb 2024 12:07:54 CET-ma 26 feb 2024 12:07:25 CET)/1000000: missing `)' (error token is "26 feb 2024 12:07:54 CET-ma 26 feb 2024 12:07:25 CET)/1000000")
/home/lieuwe/Documents/Software/AMPT/utils/timer.sh: line 5: /3600000 : syntax error: operand expected (error token is "/3600000 ")
/home/lieuwe/Documents/Software/AMPT/utils/amptsinglejob.sh: line 32: (ma 26 feb 2024 12:07:54 CET-ma 26 feb 2024 12:07:25 CET)/1000000: missing `)' (error token is "26 feb 2024 12:07:54 CET-ma 26 feb 2024 12:07:25 CET)/1000000")
/home/lieuwe/Documents/Software/AMPT/utils/timer.sh: line 5: /3600000 : syntax error: operand expected (error token is "/3600000 ")
/home/lieuwe/Documents/Software/AMPT/utils/amptsinglejob.sh: line 32: (ma 26 feb 2024 12:07:55 CET-ma 26 feb 2024 12:07:25 CET)/1000000: missing `)' (error token is "26 feb 2024 12:07:55 CET-ma 26 feb 2024 12:07:25 CET)/1000000")
/home/lieuwe/Documents/Software/AMPT/utils/timer.sh: line 5: /3600000 : syntax error: operand expected (error token is "/3600000 ")
/home/lieuwe/Documents/Software/AMPT/utils/amptsinglejob.sh: line 32: (ma 26 feb 2024 12:07:55 CET-ma 26 feb 2024 12:07:25 CET)/1000000: missing `)' (error token is "26 feb 2024 12:07:55 CET-ma 26 feb 2024 12:07:25 CET)/1000000")
/home/lieuwe/Documents/Software/AMPT/utils/timer.sh: line 5: /3600000 : syntax error: operand expected (error token is "/3600000 ")
/home/lieuwe/Documents/Software/AMPT/utils/amptsinglejob.sh: line 32: (ma 26 feb 2024 12:07:57 CET-ma 26 feb 2024 12:07:24 CET)/1000000: missing `)' (error token is "26 feb 2024 12:07:57 CET-ma 26 feb 2024 12:07:24 CET)/1000000")
/home/lieuwe/Documents/Software/AMPT/utils/timer.sh: line 5: /3600000 : syntax error: operand expected (error token is "/3600000 ")
/home/lieuwe/Documents/Software/AMPT/utils/amptsinglejob.sh: line 32: (ma 26 feb 2024 12:07:57 CET-ma 26 feb 2024 12:07:24 CET)/1000000: missing `)' (error token is "26 feb 2024 12:07:57 CET-ma 26 feb 2024 12:07:24 CET)/1000000")
/home/lieuwe/Documents/Software/AMPT/utils/timer.sh: line 5: /3600000 : syntax error: operand expected (error token is "/3600000 ")
/home/lieuwe/Documents/Software/AMPT/utils/amptsinglejob.sh: line 32: (ma 26 feb 2024 12:07:57 CET-ma 26 feb 2024 12:07:24 CET)/1000000: missing `)' (error token is "26 feb 2024 12:07:57 CET-ma 26 feb 2024 12:07:24 CET)/1000000")
/home/lieuwe/Documents/Software/AMPT/utils/timer.sh: line 5: /3600000 : syntax error: operand expected (error token is "/3600000 ")
/home/lieuwe/Documents/Software/AMPT/utils/amptsinglejob.sh: line 32: (ma 26 feb 2024 12:07:57 CET-ma 26 feb 2024 12:07:24 CET)/1000000: missing `)' (error token is "26 feb 2024 12:07:57 CET-ma 26 feb 2024 12:07:24 CET)/1000000")
/home/lieuwe/Documents/Software/AMPT/utils/timer.sh: line 5: /3600000 : syntax error: operand expected (error token is "/3600000 ")
/home/lieuwe/Documents/Software/AMPT/utils/amptsinglejob.sh: line 32: (ma 26 feb 2024 12:07:57 CET-ma 26 feb 2024 12:07:24 CET)/1000000: missing `)' (error token is "26 feb 2024 12:07:57 CET-ma 26 feb 2024 12:07:24 CET)/1000000")
/home/lieuwe/Documents/Software/AMPT/utils/timer.sh: line 5: /3600000 : syntax error: operand expected (error token is "/3600000 ")
utils/amptjob.sh: line 60: (ma 26 feb 2024 12:07:58 CET-ma 26 feb 2024 12:07:24 CET)/1000000: missing `)' (error token is "26 feb 2024 12:07:58 CET-ma 26 feb 2024 12:07:24 CET)/1000000")
utils/amptjob.sh: line 61: /20: syntax error: operand expected (error token is "/20")
utils/timer.sh: line 5: /3600000 : syntax error: operand expected (error token is "/3600000 ")
utils/timer.sh: line 5: /3600000 : syntax error: operand expected (error token is "/3600000 ")
