/home/lieuwe/Documents/Software/AMPT/utils/amptsinglejob.sh: line 32: (ma 26 feb 2024 12:06:09 CET-ma 26 feb 2024 12:06:09 CET)/1000000: missing `)' (error token is "26 feb 2024 12:06:09 CET-ma 26 feb 2024 12:06:09 CET)/1000000")
/home/lieuwe/Documents/Software/AMPT/utils/timer.sh: line 5: /3600000 : syntax error: operand expected (error token is "/3600000 ")
/home/lieuwe/Documents/Software/AMPT/utils/amptsinglejob.sh: line 32: (ma 26 feb 2024 12:06:09 CET-ma 26 feb 2024 12:06:09 CET)/1000000: missing `)' (error token is "26 feb 2024 12:06:09 CET-ma 26 feb 2024 12:06:09 CET)/1000000")
/home/lieuwe/Documents/Software/AMPT/utils/timer.sh: line 5: /3600000 : syntax error: operand expected (error token is "/3600000 ")
/home/lieuwe/Documents/Software/AMPT/utils/amptsinglejob.sh: line 32: (ma 26 feb 2024 12:06:09 CET-ma 26 feb 2024 12:06:09 CET)/1000000: missing `)' (error token is "26 feb 2024 12:06:09 CET-ma 26 feb 2024 12:06:09 CET)/1000000")
/home/lieuwe/Documents/Software/AMPT/utils/timer.sh: line 5: /3600000 : syntax error: operand expected (error token is "/3600000 ")
/home/lieuwe/Documents/Software/AMPT/utils/amptsinglejob.sh: line 32: (ma 26 feb 2024 12:06:09 CET-ma 26 feb 2024 12:06:09 CET)/1000000: missing `)' (error token is "26 feb 2024 12:06:09 CET-ma 26 feb 2024 12:06:09 CET)/1000000")
/home/lieuwe/Documents/Software/AMPT/utils/timer.sh: line 5: /3600000 : syntax error: operand expected (error token is "/3600000 ")
/home/lieuwe/Documents/Software/AMPT/utils/amptsinglejob.sh: line 32: (ma 26 feb 2024 12:06:09 CET-ma 26 feb 2024 12:06:09 CET)/1000000: missing `)' (error token is "26 feb 2024 12:06:09 CET-ma 26 feb 2024 12:06:09 CET)/1000000")
/home/lieuwe/Documents/Software/AMPT/utils/timer.sh: line 5: /3600000 : syntax error: operand expected (error token is "/3600000 ")
/home/lieuwe/Documents/Software/AMPT/utils/amptsinglejob.sh: line 32: (ma 26 feb 2024 12:06:09 CET-ma 26 feb 2024 12:06:09 CET)/1000000: missing `)' (error token is "26 feb 2024 12:06:09 CET-ma 26 feb 2024 12:06:09 CET)/1000000")
/home/lieuwe/Documents/Software/AMPT/utils/timer.sh: line 5: /3600000 : syntax error: operand expected (error token is "/3600000 ")
/home/lieuwe/Documents/Software/AMPT/utils/amptsinglejob.sh: line 32: (ma 26 feb 2024 12:06:09 CET-ma 26 feb 2024 12:06:09 CET)/1000000: missing `)' (error token is "26 feb 2024 12:06:09 CET-ma 26 feb 2024 12:06:09 CET)/1000000")
/home/lieuwe/Documents/Software/AMPT/utils/timer.sh: line 5: /3600000 : syntax error: operand expected (error token is "/3600000 ")
/home/lieuwe/Documents/Software/AMPT/utils/amptsinglejob.sh: line 32: (ma 26 feb 2024 12:06:10 CET-ma 26 feb 2024 12:06:09 CET)/1000000: missing `)' (error token is "26 feb 2024 12:06:10 CET-ma 26 feb 2024 12:06:09 CET)/1000000")
/home/lieuwe/Documents/Software/AMPT/utils/timer.sh: line 5: /3600000 : syntax error: operand expected (error token is "/3600000 ")
/home/lieuwe/Documents/Software/AMPT/utils/amptsinglejob.sh: line 32: (ma 26 feb 2024 12:06:41 CET-ma 26 feb 2024 12:06:09 CET)/1000000: missing `)' (error token is "26 feb 2024 12:06:41 CET-ma 26 feb 2024 12:06:09 CET)/1000000")
/home/lieuwe/Documents/Software/AMPT/utils/timer.sh: line 5: /3600000 : syntax error: operand expected (error token is "/3600000 ")
/home/lieuwe/Documents/Software/AMPT/utils/amptsinglejob.sh: line 32: (ma 26 feb 2024 12:06:42 CET-ma 26 feb 2024 12:06:09 CET)/1000000: missing `)' (error token is "26 feb 2024 12:06:42 CET-ma 26 feb 2024 12:06:09 CET)/1000000")
/home/lieuwe/Documents/Software/AMPT/utils/timer.sh: line 5: /3600000 : syntax error: operand expected (error token is "/3600000 ")
/home/lieuwe/Documents/Software/AMPT/utils/amptsinglejob.sh: line 32: (ma 26 feb 2024 12:06:42 CET-ma 26 feb 2024 12:06:09 CET)/1000000: missing `)' (error token is "26 feb 2024 12:06:42 CET-ma 26 feb 2024 12:06:09 CET)/1000000")
/home/lieuwe/Documents/Software/AMPT/utils/timer.sh: line 5: /3600000 : syntax error: operand expected (error token is "/3600000 ")
/home/lieuwe/Documents/Software/AMPT/utils/amptsinglejob.sh: line 32: (ma 26 feb 2024 12:06:42 CET-ma 26 feb 2024 12:06:09 CET)/1000000: missing `)' (error token is "26 feb 2024 12:06:42 CET-ma 26 feb 2024 12:06:09 CET)/1000000")
/home/lieuwe/Documents/Software/AMPT/utils/timer.sh: line 5: /3600000 : syntax error: operand expected (error token is "/3600000 ")
/home/lieuwe/Documents/Software/AMPT/utils/amptsinglejob.sh: line 32: (ma 26 feb 2024 12:06:42 CET-ma 26 feb 2024 12:06:09 CET)/1000000: missing `)' (error token is "26 feb 2024 12:06:42 CET-ma 26 feb 2024 12:06:09 CET)/1000000")
/home/lieuwe/Documents/Software/AMPT/utils/timer.sh: line 5: /3600000 : syntax error: operand expected (error token is "/3600000 ")
/home/lieuwe/Documents/Software/AMPT/utils/amptsinglejob.sh: line 32: (ma 26 feb 2024 12:06:42 CET-ma 26 feb 2024 12:06:09 CET)/1000000: missing `)' (error token is "26 feb 2024 12:06:42 CET-ma 26 feb 2024 12:06:09 CET)/1000000")
/home/lieuwe/Documents/Software/AMPT/utils/timer.sh: line 5: /3600000 : syntax error: operand expected (error token is "/3600000 ")
/home/lieuwe/Documents/Software/AMPT/utils/amptsinglejob.sh: line 32: (ma 26 feb 2024 12:06:42 CET-ma 26 feb 2024 12:06:09 CET)/1000000: missing `)' (error token is "26 feb 2024 12:06:42 CET-ma 26 feb 2024 12:06:09 CET)/1000000")
/home/lieuwe/Documents/Software/AMPT/utils/timer.sh: line 5: /3600000 : syntax error: operand expected (error token is "/3600000 ")
/home/lieuwe/Documents/Software/AMPT/utils/amptsinglejob.sh: line 32: (ma 26 feb 2024 12:06:43 CET-ma 26 feb 2024 12:06:09 CET)/1000000: missing `)' (error token is "26 feb 2024 12:06:43 CET-ma 26 feb 2024 12:06:09 CET)/1000000")
/home/lieuwe/Documents/Software/AMPT/utils/timer.sh: line 5: /3600000 : syntax error: operand expected (error token is "/3600000 ")
/home/lieuwe/Documents/Software/AMPT/utils/amptsinglejob.sh: line 32: (ma 26 feb 2024 12:06:43 CET-ma 26 feb 2024 12:06:09 CET)/1000000: missing `)' (error token is "26 feb 2024 12:06:43 CET-ma 26 feb 2024 12:06:09 CET)/1000000")
/home/lieuwe/Documents/Software/AMPT/utils/timer.sh: line 5: /3600000 : syntax error: operand expected (error token is "/3600000 ")
/home/lieuwe/Documents/Software/AMPT/utils/amptsinglejob.sh: line 32: (ma 26 feb 2024 12:06:43 CET-ma 26 feb 2024 12:06:09 CET)/1000000: missing `)' (error token is "26 feb 2024 12:06:43 CET-ma 26 feb 2024 12:06:09 CET)/1000000")
/home/lieuwe/Documents/Software/AMPT/utils/timer.sh: line 5: /3600000 : syntax error: operand expected (error token is "/3600000 ")
/home/lieuwe/Documents/Software/AMPT/utils/amptsinglejob.sh: line 32: (ma 26 feb 2024 12:06:43 CET-ma 26 feb 2024 12:06:09 CET)/1000000: missing `)' (error token is "26 feb 2024 12:06:43 CET-ma 26 feb 2024 12:06:09 CET)/1000000")
/home/lieuwe/Documents/Software/AMPT/utils/timer.sh: line 5: /3600000 : syntax error: operand expected (error token is "/3600000 ")
/home/lieuwe/Documents/Software/AMPT/utils/amptsinglejob.sh: line 32: (ma 26 feb 2024 12:06:43 CET-ma 26 feb 2024 12:06:09 CET)/1000000: missing `)' (error token is "26 feb 2024 12:06:43 CET-ma 26 feb 2024 12:06:09 CET)/1000000")
/home/lieuwe/Documents/Software/AMPT/utils/timer.sh: line 5: /3600000 : syntax error: operand expected (error token is "/3600000 ")
utils/amptjob.sh: line 60: (ma 26 feb 2024 12:06:43 CET-ma 26 feb 2024 12:06:09 CET)/1000000: missing `)' (error token is "26 feb 2024 12:06:43 CET-ma 26 feb 2024 12:06:09 CET)/1000000")
utils/amptjob.sh: line 61: /20: syntax error: operand expected (error token is "/20")
utils/timer.sh: line 5: /3600000 : syntax error: operand expected (error token is "/3600000 ")
utils/timer.sh: line 5: /3600000 : syntax error: operand expected (error token is "/3600000 ")
